<?xml version="1.0" encoding="UTF-8"?>
<!-- Generated by org.testng.reporters.JUnitReportReporter -->
<testsuite skipped="0" hostname="MyPC" name="com.salesforce.qa.testcases.LoginPageTest" tests="3" failures="0" timestamp="2020-07-26T18:40:38 EDT" time="33.260" errors="0">
  <testcase name="loginPageTitleTest" time="7.547" classname="com.salesforce.qa.testcases.LoginPageTest"/>
  <system-out/>
  <testcase name="LoginPageLogoTest" time="9.981" classname="com.salesforce.qa.testcases.LoginPageTest"/>
  <system-out/>
  <testcase name="LoginTest" time="15.732" classname="com.salesforce.qa.testcases.LoginPageTest"/>
  <system-out/>
</testsuite> <!-- com.salesforce.qa.testcases.LoginPageTest -->
